<?xml version="1.0" encoding="UTF-8"?>
<!-- Generated by org.testng.reporters.JUnitReportReporter -->
<testsuite skipped="0" hostname="GirishS" name="com.airbnb.test.AirBnbTest" tests="1" failures="0" timestamp="25 Mar 2018 18:58:31 GMT" time="25.475" errors="0">
  <testcase name="searchHomeBasedOnPrice" time="25.475" classname="com.airbnb.test.AirBnbTest"/>
</testsuite> <!-- com.airbnb.test.AirBnbTest -->
